<?xml version="1.0" encoding="UTF-8"?>
<testsuite name="MainTest" tests="1" skipped="0" failures="0" errors="0" timestamp="2020-12-04T08:29:27" hostname="NEC" time="0.485">
  <properties/>
  <testcase name="start" classname="MainTest" time="0.485"/>
  <system-out><![CDATA[?[1;31m
Start test 1?[0m
test_files
patterns.db
pattern = ftypiso2
pattern = ftypjp2
pattern = -----BEGIN\ CERTIFICATE-----
pattern = xl/_rels
pattern = ppt/_rels
pattern = word/_rels
pattern = P.o.w.e.r.P.o.i
pattern = W.o.r.d
pattern = vnd.oasis.opendocument.presentation
pattern = PK
pattern = pmview
pattern = %PDF-
doc.pdf: PDF document
pattern = ftypiso2
pattern = ftypjp2
pattern = -----BEGIN\ CERTIFICATE-----
pattern = xl/_rels
pattern = ppt/_rels
pattern = word/_rels
pattern = P.o.w.e.r.P.o.i
pattern = W.o.r.d
pattern = vnd.oasis.opendocument.presentation
pattern = PK
pattern = pmview
pattern = %PDF-
text.pdf: Unknown file type
?[1;31m
Start test 2?[0m
test_files
patterns.db
pattern = ftypiso2
pattern = ftypjp2
pattern = -----BEGIN\ CERTIFICATE-----
pattern = xl/_rels
pattern = ppt/_rels
pattern = word/_rels
pattern = P.o.w.e.r.P.o.i
pattern = W.o.r.d
pattern = vnd.oasis.opendocument.presentation
pattern = PK
pattern = pmview
pattern = %PDF-
doc.zip: Unknown file type
pattern = ftypiso2
pattern = ftypjp2
pattern = -----BEGIN\ CERTIFICATE-----
pattern = xl/_rels
pattern = ppt/_rels
pattern = word/_rels
pattern = P.o.w.e.r.P.o.i
pattern = W.o.r.d
pattern = vnd.oasis.opendocument.presentation
pattern = PK
doc1.zip: Zip archive
?[1;31m
Start test 3?[0m
test_files
patterns.db
pattern = ftypiso2
pattern = ftypjp2
pattern = -----BEGIN\ CERTIFICATE-----
pattern = xl/_rels
pattern = ppt/_rels
pattern = word/_rels
pattern = P.o.w.e.r.P.o.i
pattern = W.o.r.d
pattern = vnd.oasis.opendocument.presentation
pattern = PK
pattern = pmview
main: PCP pmview config
pattern = ftypiso2
pattern = ftypjp2
pattern = -----BEGIN\ CERTIFICATE-----
pattern = xl/_rels
pattern = ppt/_rels
pattern = word/_rels
pattern = P.o.w.e.r.P.o.i
pattern = W.o.r.d
pattern = vnd.oasis.opendocument.presentation
pattern = PK
pattern = pmview
pattern = %PDF-
main.config: Unknown file type
?[1;31m
Start test 4?[0m
test_files
patterns.db
pattern = ftypiso2
pattern = ftypjp2
pattern = -----BEGIN\ CERTIFICATE-----
pattern = xl/_rels
pattern = ppt/_rels
pattern = word/_rels
pattern = P.o.w.e.r.P.o.i
pattern = W.o.r.d
pattern = vnd.oasis.opendocument.presentation
slides1.odp: OpenDocument presentation
pattern = ftypiso2
pattern = ftypjp2
pattern = -----BEGIN\ CERTIFICATE-----
pattern = xl/_rels
pattern = ppt/_rels
pattern = word/_rels
pattern = P.o.w.e.r.P.o.i
pattern = W.o.r.d
pattern = vnd.oasis.opendocument.presentation
pattern = PK
pattern = pmview
pattern = %PDF-
slides2.odp: Unknown file type
?[1;31m
Start test 5?[0m
test_files
patterns.db
pattern = ftypiso2
pattern = ftypjp2
pattern = -----BEGIN\ CERTIFICATE-----
pattern = xl/_rels
pattern = ppt/_rels
pattern = word/_rels
pattern = P.o.w.e.r.P.o.i
pattern = W.o.r.d
pattern = vnd.oasis.opendocument.presentation
pattern = PK
pattern = pmview
pattern = %PDF-
doc.txt: Unknown file type
pattern = ftypiso2
pattern = ftypjp2
pattern = -----BEGIN\ CERTIFICATE-----
pattern = xl/_rels
pattern = ppt/_rels
pattern = word/_rels
pattern = P.o.w.e.r.P.o.i
pattern = W.o.r.d
txt.doc: MS Office Word 2003
?[1;31m
Start test 6?[0m
test_files
patterns.db
pattern = ftypiso2
pattern = ftypjp2
pattern = -----BEGIN\ CERTIFICATE-----
pattern = xl/_rels
pattern = ppt/_rels
pattern = word/_rels
pattern = P.o.w.e.r.P.o.i
slides1.ptp: MS Office PowerPoint 2003
pattern = ftypiso2
pattern = ftypjp2
pattern = -----BEGIN\ CERTIFICATE-----
pattern = xl/_rels
pattern = ppt/_rels
pattern = word/_rels
pattern = P.o.w.e.r.P.o.i
pattern = W.o.r.d
pattern = vnd.oasis.opendocument.presentation
pattern = PK
pattern = pmview
pattern = %PDF-
slides2.ptp: Unknown file type
?[1;31m
Start test 7?[0m
test_files
patterns.db
pattern = ftypiso2
pattern = ftypjp2
pattern = -----BEGIN\ CERTIFICATE-----
pattern = xl/_rels
pattern = ppt/_rels
pattern = word/_rels
pattern = P.o.w.e.r.P.o.i
pattern = W.o.r.d
pattern = vnd.oasis.opendocument.presentation
pattern = PK
pattern = pmview
pattern = %PDF-
doc.txt: Unknown file type
pattern = ftypiso2
pattern = ftypjp2
pattern = -----BEGIN\ CERTIFICATE-----
pattern = xl/_rels
pattern = ppt/_rels
pattern = word/_rels
txt.doc: MS Office Word 2007+
?[1;31m
Start test 8?[0m
test_files
patterns.db
pattern = ftypiso2
pattern = ftypjp2
pattern = -----BEGIN\ CERTIFICATE-----
pattern = xl/_rels
pattern = ppt/_rels
pres1.pptx: MS Office PowerPoint 2007+
pattern = ftypiso2
pattern = ftypjp2
pattern = -----BEGIN\ CERTIFICATE-----
pattern = xl/_rels
pattern = ppt/_rels
pattern = word/_rels
pattern = P.o.w.e.r.P.o.i
pattern = W.o.r.d
pattern = vnd.oasis.opendocument.presentation
pattern = PK
pattern = pmview
pattern = %PDF-
pres2.pptx: Unknown file type
?[1;31m
Start test 9?[0m
test_files
patterns.db
pattern = ftypiso2
pattern = ftypjp2
pattern = -----BEGIN\ CERTIFICATE-----
pattern = xl/_rels
sheet1.xls: MS Office Excel 2007+
pattern = ftypiso2
pattern = ftypjp2
pattern = -----BEGIN\ CERTIFICATE-----
pattern = xl/_rels
pattern = ppt/_rels
pattern = word/_rels
pattern = P.o.w.e.r.P.o.i
pattern = W.o.r.d
pattern = vnd.oasis.opendocument.presentation
pattern = PK
pattern = pmview
pattern = %PDF-
sheet2.xls: Unknown file type
?[1;31m
Start test 10?[0m
test_files
patterns.db
pattern = ftypiso2
pattern = ftypjp2
pattern = -----BEGIN\ CERTIFICATE-----
cert.pem: PEM certificate
pattern = ftypiso2
pattern = ftypjp2
pattern = -----BEGIN\ CERTIFICATE-----
pattern = xl/_rels
pattern = ppt/_rels
pattern = word/_rels
pattern = P.o.w.e.r.P.o.i
pattern = W.o.r.d
pattern = vnd.oasis.opendocument.presentation
pattern = PK
pattern = pmview
pattern = %PDF-
cert_core.pem: Unknown file type
?[1;31m
Start test 11?[0m
test_files
patterns.db
pattern = ftypiso2
pattern = ftypjp2
1.jpg: ISO Media JPEG 2000
pattern = ftypiso2
pattern = ftypjp2
pattern = -----BEGIN\ CERTIFICATE-----
pattern = xl/_rels
pattern = ppt/_rels
pattern = word/_rels
pattern = P.o.w.e.r.P.o.i
pattern = W.o.r.d
pattern = vnd.oasis.opendocument.presentation
pattern = PK
pattern = pmview
pattern = %PDF-
2.jpg: Unknown file type
?[1;31m
Start test 12?[0m
test_files
patterns.db
pattern = ftypiso2
tape.jpg: ISO Media MP4 Base Media v2
pattern = ftypiso2
pattern = ftypjp2
pattern = -----BEGIN\ CERTIFICATE-----
pattern = xl/_rels
pattern = ppt/_rels
pattern = word/_rels
pattern = P.o.w.e.r.P.o.i
pattern = W.o.r.d
pattern = vnd.oasis.opendocument.presentation
pattern = PK
pattern = pmview
pattern = %PDF-
tape.mp4: Unknown file type
?[1;31m
Start test 13?[0m
test_files
patterns.db
pattern = ftypiso2
pattern = ftypjp2
pattern = -----BEGIN\ CERTIFICATE-----
pattern = xl/_rels
pattern = ppt/_rels
pattern = word/_rels
pattern = P.o.w.e.r.P.o.i
pattern = W.o.r.d
tape2.jpg: MS Office Word 2003
pattern = ftypiso2
tape2.mp4: ISO Media MP4 Base Media v2
?[1;31m
Start test 14?[0m
test_files
patterns.db
pattern = ftypiso2
pattern = ftypjp2
pattern = -----BEGIN\ CERTIFICATE-----
tape3.jpg: PEM certificate
pattern = ftypiso2
pattern = ftypjp2
pattern = -----BEGIN\ CERTIFICATE-----
pattern = xl/_rels
pattern = ppt/_rels
pattern = word/_rels
pattern = P.o.w.e.r.P.o.i
pattern = W.o.r.d
tape3.mp4: MS Office Word 2003
]]></system-out>
  <system-err><![CDATA[]]></system-err>
</testsuite>
